# JRE version: OpenJDK Runtime Environment (15.0.2+7) (build 15.0.2+7-27)
# Java VM: OpenJDK 64-Bit Server VM (15.0.2+7-27, mixed mode, tiered, compressed oops, g1 gc, windows-amd64)
GC Precious Log:
 CPUs: 4 total, 4 available
 Memory: 3947M
 Large Page Support: Disabled
 NUMA Support: Disabled
 Compressed Oops: Enabled (32-bit)
 Heap Region Size: 1M
 Heap Min Capacity: 8M
 Heap Initial Capacity: 62M
 Heap Max Capacity: 988M
 Pre-touch: Disabled
 Parallel Workers: 4
 Concurrent Workers: 1
 Concurrent Refinement Workers: 4
 Periodic GC: Disabled
Heap:
 garbage-first heap   total 71680K, used 57492K [0x00000000c2400000, 0x0000000100000000)
  region size 1024K, 36 young (36864K), 4 survivors (4096K)
 Metaspace       used 59087K, capacity 59489K, committed 59696K, reserved 1101824K
  class space    used 7296K, capacity 7430K, committed 7552K, reserved 1048576K
GC Heap History (20 events):
Event: 4.429 GC heap after
{Heap after GC invocations=10 (full 0):
 garbage-first heap   total 49152K, used 12352K [0x00000000c2400000, 0x0000000100000000)
  region size 1024K, 2 young (2048K), 2 survivors (2048K)
 Metaspace       used 27972K, capacity 28232K, committed 28592K, reserved 1075200K
  class space    used 3121K, capacity 3217K, committed 3328K, reserved 1048576K
}
Event: 5.482 GC heap before
{Heap before GC invocations=10 (full 0):
 garbage-first heap   total 49152K, used 37952K [0x00000000c2400000, 0x0000000100000000)
  region size 1024K, 27 young (27648K), 2 survivors (2048K)
 Metaspace       used 30631K, capacity 30976K, committed 31152K, reserved 1077248K
  class space    used 3450K, capacity 3570K, committed 3584K, reserved 1048576K
}
Event: 5.488 GC heap after
{Heap after GC invocations=11 (full 0):
 garbage-first heap   total 49152K, used 13935K [0x00000000c2400000, 0x0000000100000000)
  region size 1024K, 3 young (3072K), 3 survivors (3072K)
 Metaspace       used 30631K, capacity 30976K, committed 31152K, reserved 1077248K
  class space    used 3450K, capacity 3570K, committed 3584K, reserved 1048576K
}
Event: 6.011 GC heap before
{Heap before GC invocations=11 (full 0):
 garbage-first heap   total 49152K, used 37487K [0x00000000c2400000, 0x0000000100000000)
  region size 1024K, 26 young (26624K), 3 survivors (3072K)
 Metaspace       used 31361K, capacity 31698K, committed 31792K, reserved 1077248K
  class space    used 3529K, capacity 3637K, committed 3712K, reserved 1048576K
}
Event: 6.019 GC heap after
{Heap after GC invocations=12 (full 0):
 garbage-first heap   total 49152K, used 15022K [0x00000000c2400000, 0x0000000100000000)
  region size 1024K, 3 young (3072K), 3 survivors (3072K)
 Metaspace       used 31361K, capacity 31698K, committed 31792K, reserved 1077248K
  class space    used 3529K, capacity 3637K, committed 3712K, reserved 1048576K
}
Event: 6.475 GC heap before
{Heap before GC invocations=12 (full 0):
 garbage-first heap   total 49152K, used 38574K [0x00000000c2400000, 0x0000000100000000)
  region size 1024K, 26 young (26624K), 3 survivors (3072K)
 Metaspace       used 31783K, capacity 32114K, committed 32304K, reserved 1077248K
  class space    used 3569K, capacity 3669K, committed 3712K, reserved 1048576K
}
Event: 6.487 GC heap after
{Heap after GC invocations=13 (full 0):
 garbage-first heap   total 49152K, used 16024K [0x00000000c2400000, 0x0000000100000000)
  region size 1024K, 3 young (3072K), 3 survivors (3072K)
 Metaspace       used 31783K, capacity 32114K, committed 32304K, reserved 1077248K
  class space    used 3569K, capacity 3669K, committed 3712K, reserved 1048576K
}
Event: 7.787 GC heap before
{Heap before GC invocations=13 (full 0):
 garbage-first heap   total 49152K, used 37528K [0x00000000c2400000, 0x0000000100000000)
  region size 1024K, 24 young (24576K), 3 survivors (3072K)
 Metaspace       used 34580K, capacity 35007K, committed 35248K, reserved 1081344K
  class space    used 3953K, capacity 4072K, committed 4096K, reserved 1048576K
}
Event: 7.801 GC heap after
{Heap after GC invocations=14 (full 0):
 garbage-first heap   total 49152K, used 16989K [0x00000000c2400000, 0x0000000100000000)
  region size 1024K, 2 young (2048K), 2 survivors (2048K)
 Metaspace       used 34580K, capacity 35007K, committed 35248K, reserved 1081344K
  class space    used 3953K, capacity 4072K, committed 4096K, reserved 1048576K
}
Event: 8.265 GC heap before
{Heap before GC invocations=14 (full 0):
 garbage-first heap   total 49152K, used 25181K [0x00000000c2400000, 0x0000000100000000)
  region size 1024K, 11 young (11264K), 2 survivors (2048K)
 Metaspace       used 35519K, capacity 35843K, committed 35888K, reserved 1081344K
  class space    used 4085K, capacity 4201K, committed 4224K, reserved 1048576K
}
Event: 8.273 GC heap after
{Heap after GC invocations=15 (full 0):
 garbage-first heap   total 59392K, used 17882K [0x00000000c2400000, 0x0000000100000000)
  region size 1024K, 3 young (3072K), 3 survivors (3072K)
 Metaspace       used 35519K, capacity 35843K, committed 35888K, reserved 1081344K
  class space    used 4085K, capacity 4201K, committed 4224K, reserved 1048576K
}
Event: 10.082 GC heap before
{Heap before GC invocations=16 (full 0):
 garbage-first heap   total 59392K, used 46554K [0x00000000c2400000, 0x0000000100000000)
  region size 1024K, 31 young (31744K), 3 survivors (3072K)
 Metaspace       used 38780K, capacity 39232K, committed 39472K, reserved 1083392K
  class space    used 4506K, capacity 4677K, committed 4736K, reserved 1048576K
}
Event: 10.100 GC heap after
{Heap after GC invocations=17 (full 0):
 garbage-first heap   total 59392K, used 20319K [0x00000000c2400000, 0x0000000100000000)
  region size 1024K, 4 young (4096K), 4 survivors (4096K)
 Metaspace       used 38780K, capacity 39232K, committed 39472K, reserved 1083392K
  class space    used 4506K, capacity 4677K, committed 4736K, reserved 1048576K
}
Event: 11.372 GC heap before
{Heap before GC invocations=17 (full 0):
 garbage-first heap   total 59392K, used 45919K [0x00000000c2400000, 0x0000000100000000)
  region size 1024K, 29 young (29696K), 4 survivors (4096K)
 Metaspace       used 44215K, capacity 44660K, committed 44976K, reserved 1089536K
  class space    used 5357K, capacity 5523K, committed 5632K, reserved 1048576K
}
Event: 11.389 GC heap after
{Heap after GC invocations=18 (full 0):
 garbage-first heap   total 59392K, used 21864K [0x00000000c2400000, 0x0000000100000000)
  region size 1024K, 2 young (2048K), 2 survivors (2048K)
 Metaspace       used 44215K, capacity 44660K, committed 44976K, reserved 1089536K
  class space    used 5357K, capacity 5523K, committed 5632K, reserved 1048576K
}
Event: 13.114 GC heap before
{Heap before GC invocations=18 (full 0):
 garbage-first heap   total 59392K, used 45416K [0x00000000c2400000, 0x0000000100000000)
  region size 1024K, 26 young (26624K), 2 survivors (2048K)
 Metaspace       used 50695K, capacity 51113K, committed 51248K, reserved 1093632K
  class space    used 6119K, capacity 6264K, committed 6272K, reserved 1048576K
}
Event: 13.124 GC heap after
{Heap after GC invocations=19 (full 0):
 garbage-first heap   total 59392K, used 23660K [0x00000000c2400000, 0x0000000100000000)
  region size 1024K, 4 young (4096K), 4 survivors (4096K)
 Metaspace       used 50695K, capacity 51113K, committed 51248K, reserved 1093632K
  class space    used 6119K, capacity 6264K, committed 6272K, reserved 1048576K
}
Event: 14.087 GC heap before
{Heap before GC invocations=19 (full 0):
 garbage-first heap   total 59392K, used 46188K [0x00000000c2400000, 0x0000000100000000)
  region size 1024K, 26 young (26624K), 4 survivors (4096K)
 Metaspace       used 54743K, capacity 55215K, committed 55472K, reserved 1097728K
  class space    used 6737K, capacity 6880K, committed 6912K, reserved 1048576K
}
Event: 14.097 GC heap after
{Heap after GC invocations=20 (full 0):
 garbage-first heap   total 71680K, used 24724K [0x00000000c2400000, 0x0000000100000000)
  region size 1024K, 3 young (3072K), 3 survivors (3072K)
 Metaspace       used 54743K, capacity 55215K, committed 55472K, reserved 1097728K
  class space    used 6737K, capacity 6880K, committed 6912K, reserved 1048576K
}
Event: 15.764 GC heap before
{Heap before GC invocations=20 (full 0):
 garbage-first heap   total 71680K, used 57492K [0x00000000c2400000, 0x0000000100000000)
  region size 1024K, 35 young (35840K), 3 survivors (3072K)
 Metaspace       used 59087K, capacity 59489K, committed 59696K, reserved 1101824K
  class space    used 7296K, capacity 7430K, committed 7552K, reserved 1048576K
}

