# JRE version: Java(TM) SE Runtime Environment (8.0_281-b09) (build 1.8.0_281-b09)
# Java VM: Java HotSpot(TM) 64-Bit Server VM (25.281-b09 mixed mode windows-amd64 compressed oops)
Heap:
 PSYoungGen      total 144896K, used 64249K [0x00000000f5580000, 0x0000000100000000, 0x0000000100000000)
  eden space 126976K, 38% used [0x00000000f5580000,0x00000000f85966f0,0x00000000fd180000)
  from space 17920K, 83% used [0x00000000fe500000,0x00000000ff3a7f10,0x00000000ff680000)
  to   space 19968K, 0% used [0x00000000fd180000,0x00000000fd180000,0x00000000fe500000)
 ParOldGen       total 175104K, used 140103K [0x00000000e0000000, 0x00000000eab00000, 0x00000000f5580000)
  object space 175104K, 80% used [0x00000000e0000000,0x00000000e88d1f20,0x00000000eab00000)
 Metaspace       used 69559K, capacity 73218K, committed 73344K, reserved 1112064K
  class space    used 9152K, capacity 9800K, committed 9856K, reserved 1048576K
GC Heap History (10 events):
Event: 2042.426 GC heap before
{Heap before GC invocations=43 (full 3):
 PSYoungGen      total 148480K, used 148306K [0x00000000f5580000, 0x00000000fff00000, 0x0000000100000000)
  eden space 145920K, 100% used [0x00000000f5580000,0x00000000fe400000,0x00000000fe400000)
  from space 2560K, 93% used [0x00000000fe400000,0x00000000fe654a00,0x00000000fe680000)
  to   space 13824K, 0% used [0x00000000ff180000,0x00000000ff180000,0x00000000fff00000)
 ParOldGen       total 175104K, used 115409K [0x00000000e0000000, 0x00000000eab00000, 0x00000000f5580000)
  object space 175104K, 65% used [0x00000000e0000000,0x00000000e70b44e0,0x00000000eab00000)
 Metaspace       used 68222K, capacity 71634K, committed 71936K, reserved 1112064K
  class space    used 9029K, capacity 9642K, committed 9728K, reserved 1048576K
Event: 2044.697 GC heap after
Heap after GC invocations=43 (full 3):
 PSYoungGen      total 152576K, used 8864K [0x00000000f5580000, 0x00000000ffc00000, 0x0000000100000000)
  eden space 141824K, 0% used [0x00000000f5580000,0x00000000f5580000,0x00000000fe000000)
  from space 10752K, 82% used [0x00000000ff180000,0x00000000ffa28020,0x00000000ffc00000)
  to   space 14336K, 0% used [0x00000000fe000000,0x00000000fe000000,0x00000000fee00000)
 ParOldGen       total 175104K, used 116127K [0x00000000e0000000, 0x00000000eab00000, 0x00000000f5580000)
  object space 175104K, 66% used [0x00000000e0000000,0x00000000e7167c20,0x00000000eab00000)
 Metaspace       used 68222K, capacity 71634K, committed 71936K, reserved 1112064K
  class space    used 9029K, capacity 9642K, committed 9728K, reserved 1048576K
}
Event: 2058.456 GC heap before
{Heap before GC invocations=44 (full 3):
 PSYoungGen      total 152576K, used 150688K [0x00000000f5580000, 0x00000000ffc00000, 0x0000000100000000)
  eden space 141824K, 100% used [0x00000000f5580000,0x00000000fe000000,0x00000000fe000000)
  from space 10752K, 82% used [0x00000000ff180000,0x00000000ffa28020,0x00000000ffc00000)
  to   space 14336K, 0% used [0x00000000fe000000,0x00000000fe000000,0x00000000fee00000)
 ParOldGen       total 175104K, used 116127K [0x00000000e0000000, 0x00000000eab00000, 0x00000000f5580000)
  object space 175104K, 66% used [0x00000000e0000000,0x00000000e7167c20,0x00000000eab00000)
 Metaspace       used 68733K, capacity 72224K, committed 72576K, reserved 1112064K
  class space    used 9105K, capacity 9733K, committed 9856K, reserved 1048576K
Event: 2058.636 GC heap after
Heap after GC invocations=44 (full 3):
 PSYoungGen      total 143872K, used 5724K [0x00000000f5580000, 0x00000000ff700000, 0x0000000100000000)
  eden space 137728K, 0% used [0x00000000f5580000,0x00000000f5580000,0x00000000fdc00000)
  from space 6144K, 93% used [0x00000000fe000000,0x00000000fe5973f8,0x00000000fe600000)
  to   space 13824K, 0% used [0x00000000fe980000,0x00000000fe980000,0x00000000ff700000)
 ParOldGen       total 175104K, used 123114K [0x00000000e0000000, 0x00000000eab00000, 0x00000000f5580000)
  object space 175104K, 70% used [0x00000000e0000000,0x00000000e783aa50,0x00000000eab00000)
 Metaspace       used 68733K, capacity 72224K, committed 72576K, reserved 1112064K
  class space    used 9105K, capacity 9733K, committed 9856K, reserved 1048576K
}
Event: 2739.482 GC heap before
{Heap before GC invocations=45 (full 3):
 PSYoungGen      total 143872K, used 143452K [0x00000000f5580000, 0x00000000ff700000, 0x0000000100000000)
  eden space 137728K, 100% used [0x00000000f5580000,0x00000000fdc00000,0x00000000fdc00000)
  from space 6144K, 93% used [0x00000000fe000000,0x00000000fe5973f8,0x00000000fe600000)
  to   space 13824K, 0% used [0x00000000fe980000,0x00000000fe980000,0x00000000ff700000)
 ParOldGen       total 175104K, used 123114K [0x00000000e0000000, 0x00000000eab00000, 0x00000000f5580000)
  object space 175104K, 70% used [0x00000000e0000000,0x00000000e783aa50,0x00000000eab00000)
 Metaspace       used 69116K, capacity 72698K, committed 72832K, reserved 1112064K
  class space    used 9125K, capacity 9758K, committed 9856K, reserved 1048576K
Event: 2741.128 GC heap after
Heap after GC invocations=45 (full 3):
 PSYoungGen      total 146432K, used 13814K [0x00000000f5580000, 0x00000000ffd00000, 0x0000000100000000)
  eden space 132608K, 0% used [0x00000000f5580000,0x00000000f5580000,0x00000000fd700000)
  from space 13824K, 99% used [0x00000000fe980000,0x00000000ff6fd9c8,0x00000000ff700000)
  to   space 18944K, 0% used [0x00000000fd700000,0x00000000fd700000,0x00000000fe980000)
 ParOldGen       total 175104K, used 130387K [0x00000000e0000000, 0x00000000eab00000, 0x00000000f5580000)
  object space 175104K, 74% used [0x00000000e0000000,0x00000000e7f54f10,0x00000000eab00000)
 Metaspace       used 69116K, capacity 72698K, committed 72832K, reserved 1112064K
  class space    used 9125K, capacity 9758K, committed 9856K, reserved 1048576K
}
Event: 2752.388 GC heap before
{Heap before GC invocations=46 (full 3):
 PSYoungGen      total 146432K, used 146422K [0x00000000f5580000, 0x00000000ffd00000, 0x0000000100000000)
  eden space 132608K, 100% used [0x00000000f5580000,0x00000000fd700000,0x00000000fd700000)
  from space 13824K, 99% used [0x00000000fe980000,0x00000000ff6fd9c8,0x00000000ff700000)
  to   space 18944K, 0% used [0x00000000fd700000,0x00000000fd700000,0x00000000fe980000)
 ParOldGen       total 175104K, used 130387K [0x00000000e0000000, 0x00000000eab00000, 0x00000000f5580000)
  object space 175104K, 74% used [0x00000000e0000000,0x00000000e7f54f10,0x00000000eab00000)
 Metaspace       used 69225K, capacity 72844K, committed 73088K, reserved 1112064K
  class space    used 9127K, capacity 9761K, committed 9856K, reserved 1048576K
Event: 2752.504 GC heap after
Heap after GC invocations=46 (full 3):
 PSYoungGen      total 134656K, used 5536K [0x00000000f5580000, 0x00000000ff680000, 0x0000000100000000)
  eden space 129024K, 0% used [0x00000000f5580000,0x00000000f5580000,0x00000000fd380000)
  from space 5632K, 98% used [0x00000000fd700000,0x00000000fdc68000,0x00000000fdc80000)
  to   space 17920K, 0% used [0x00000000fe500000,0x00000000fe500000,0x00000000ff680000)
 ParOldGen       total 175104K, used 135495K [0x00000000e0000000, 0x00000000eab00000, 0x00000000f5580000)
  object space 175104K, 77% used [0x00000000e0000000,0x00000000e8451f20,0x00000000eab00000)
 Metaspace       used 69225K, capacity 72844K, committed 73088K, reserved 1112064K
  class space    used 9127K, capacity 9761K, committed 9856K, reserved 1048576K
}
Event: 2756.274 GC heap before
{Heap before GC invocations=47 (full 3):
 PSYoungGen      total 134656K, used 134560K [0x00000000f5580000, 0x00000000ff680000, 0x0000000100000000)
  eden space 129024K, 100% used [0x00000000f5580000,0x00000000fd380000,0x00000000fd380000)
  from space 5632K, 98% used [0x00000000fd700000,0x00000000fdc68000,0x00000000fdc80000)
  to   space 17920K, 0% used [0x00000000fe500000,0x00000000fe500000,0x00000000ff680000)
 ParOldGen       total 175104K, used 135495K [0x00000000e0000000, 0x00000000eab00000, 0x00000000f5580000)
  object space 175104K, 77% used [0x00000000e0000000,0x00000000e8451f20,0x00000000eab00000)
 Metaspace       used 69323K, capacity 72852K, committed 73088K, reserved 1112064K
  class space    used 9127K, capacity 9761K, committed 9856K, reserved 1048576K
Event: 2756.884 GC heap after
Heap after GC invocations=47 (full 3):
 PSYoungGen      total 144896K, used 15007K [0x00000000f5580000, 0x0000000100000000, 0x0000000100000000)
  eden space 126976K, 0% used [0x00000000f5580000,0x00000000f5580000,0x00000000fd180000)
  from space 17920K, 83% used [0x00000000fe500000,0x00000000ff3a7f10,0x00000000ff680000)
  to   space 19968K, 0% used [0x00000000fd180000,0x00000000fd180000,0x00000000fe500000)
 ParOldGen       total 175104K, used 140103K [0x00000000e0000000, 0x00000000eab00000, 0x00000000f5580000)
  object space 175104K, 80% used [0x00000000e0000000,0x00000000e88d1f20,0x00000000eab00000)
 Metaspace       used 69323K, capacity 72852K, committed 73088K, reserved 1112064K
  class space    used 9127K, capacity 9761K, committed 9856K, reserved 1048576K
}

